<?xml version="1.0" encoding="UTF-8"?>
<testsuite name="com.myepark.study.repository.AdminUserRepositoryTest" tests="1" skipped="0" failures="0" errors="0" timestamp="2021-01-16T07:24:45" hostname="LM-SEL-16517091" time="0.191">
  <properties/>
  <testcase name="create()" classname="com.myepark.study.repository.AdminUserRepositoryTest" time="0.191"/>
  <system-out><![CDATA[16:24:42.490 [Test worker] DEBUG org.springframework.test.context.BootstrapUtils - Instantiating CacheAwareContextLoaderDelegate from class [org.springframework.test.context.cache.DefaultCacheAwareContextLoaderDelegate]
16:24:42.499 [Test worker] DEBUG org.springframework.test.context.BootstrapUtils - Instantiating BootstrapContext using constructor [public org.springframework.test.context.support.DefaultBootstrapContext(java.lang.Class,org.springframework.test.context.CacheAwareContextLoaderDelegate)]
16:24:42.526 [Test worker] DEBUG org.springframework.test.context.BootstrapUtils - Instantiating TestContextBootstrapper for test class [com.myepark.study.repository.AdminUserRepositoryTest] from class [org.springframework.boot.test.context.SpringBootTestContextBootstrapper]
16:24:42.535 [Test worker] INFO org.springframework.boot.test.context.SpringBootTestContextBootstrapper - Neither @ContextConfiguration nor @ContextHierarchy found for test class [com.myepark.study.repository.AdminUserRepositoryTest], using SpringBootContextLoader
16:24:42.538 [Test worker] DEBUG org.springframework.test.context.support.AbstractContextLoader - Did not detect default resource location for test class [com.myepark.study.repository.AdminUserRepositoryTest]: class path resource [com/myepark/study/repository/AdminUserRepositoryTest-context.xml] does not exist
16:24:42.539 [Test worker] DEBUG org.springframework.test.context.support.AbstractContextLoader - Did not detect default resource location for test class [com.myepark.study.repository.AdminUserRepositoryTest]: class path resource [com/myepark/study/repository/AdminUserRepositoryTestContext.groovy] does not exist
16:24:42.539 [Test worker] INFO org.springframework.test.context.support.AbstractContextLoader - Could not detect default resource locations for test class [com.myepark.study.repository.AdminUserRepositoryTest]: no resource found for suffixes {-context.xml, Context.groovy}.
16:24:42.539 [Test worker] INFO org.springframework.test.context.support.AnnotationConfigContextLoaderUtils - Could not detect default configuration classes for test class [com.myepark.study.repository.AdminUserRepositoryTest]: AdminUserRepositoryTest does not declare any static, non-private, non-final, nested classes annotated with @Configuration.
16:24:42.573 [Test worker] DEBUG org.springframework.test.context.support.ActiveProfilesUtils - Could not find an 'annotation declaring class' for annotation type [org.springframework.test.context.ActiveProfiles] and class [com.myepark.study.repository.AdminUserRepositoryTest]
16:24:42.627 [Test worker] DEBUG org.springframework.context.annotation.ClassPathScanningCandidateComponentProvider - Identified candidate component class: file [/Users/myepark/Downloads/myGit/Study-Fastcampus-Java-Web/project1/project/build/classes/java/main/com/myepark/study/StudyApplication.class]
16:24:42.628 [Test worker] INFO org.springframework.boot.test.context.SpringBootTestContextBootstrapper - Found @SpringBootConfiguration com.myepark.study.StudyApplication for test class com.myepark.study.repository.AdminUserRepositoryTest
16:24:42.698 [Test worker] DEBUG org.springframework.boot.test.context.SpringBootTestContextBootstrapper - @TestExecutionListeners is not present for class [com.myepark.study.repository.AdminUserRepositoryTest]: using defaults.
16:24:42.698 [Test worker] INFO org.springframework.boot.test.context.SpringBootTestContextBootstrapper - Loaded default TestExecutionListener class names from location [META-INF/spring.factories]: [org.springframework.boot.test.autoconfigure.restdocs.RestDocsTestExecutionListener, org.springframework.boot.test.autoconfigure.web.client.MockRestServiceServerResetTestExecutionListener, org.springframework.boot.test.autoconfigure.web.servlet.MockMvcPrintOnlyOnFailureTestExecutionListener, org.springframework.boot.test.autoconfigure.web.servlet.WebDriverTestExecutionListener, org.springframework.boot.test.autoconfigure.webservices.client.MockWebServiceServerTestExecutionListener, org.springframework.boot.test.mock.mockito.MockitoTestExecutionListener, org.springframework.boot.test.mock.mockito.ResetMocksTestExecutionListener, org.springframework.test.context.web.ServletTestExecutionListener, org.springframework.test.context.support.DirtiesContextBeforeModesTestExecutionListener, org.springframework.test.context.support.DependencyInjectionTestExecutionListener, org.springframework.test.context.support.DirtiesContextTestExecutionListener, org.springframework.test.context.transaction.TransactionalTestExecutionListener, org.springframework.test.context.jdbc.SqlScriptsTestExecutionListener, org.springframework.test.context.event.EventPublishingTestExecutionListener]
16:24:42.711 [Test worker] INFO org.springframework.boot.test.context.SpringBootTestContextBootstrapper - Using TestExecutionListeners: [org.springframework.test.context.web.ServletTestExecutionListener@2a3503d9, org.springframework.test.context.support.DirtiesContextBeforeModesTestExecutionListener@7c627873, org.springframework.boot.test.mock.mockito.MockitoTestExecutionListener@7a08bd17, org.springframework.boot.test.autoconfigure.SpringBootDependencyInjectionTestExecutionListener@59128820, org.springframework.test.context.support.DirtiesContextTestExecutionListener@5bbb7310, org.springframework.test.context.transaction.TransactionalTestExecutionListener@347539f4, org.springframework.test.context.jdbc.SqlScriptsTestExecutionListener@baada68, org.springframework.test.context.event.EventPublishingTestExecutionListener@46b400b5, org.springframework.boot.test.autoconfigure.restdocs.RestDocsTestExecutionListener@4617d880, org.springframework.boot.test.autoconfigure.web.client.MockRestServiceServerResetTestExecutionListener@5b30e32f, org.springframework.boot.test.autoconfigure.web.servlet.MockMvcPrintOnlyOnFailureTestExecutionListener@6140bbb, org.springframework.boot.test.autoconfigure.web.servlet.WebDriverTestExecutionListener@60431264, org.springframework.boot.test.autoconfigure.webservices.client.MockWebServiceServerTestExecutionListener@18e80534, org.springframework.boot.test.mock.mockito.ResetMocksTestExecutionListener@441da49d]
16:24:42.713 [Test worker] DEBUG org.springframework.test.context.support.AbstractDirtiesContextTestExecutionListener - Before test class: context [DefaultTestContext@4fc6070a testClass = AdminUserRepositoryTest, testInstance = [null], testMethod = [null], testException = [null], mergedContextConfiguration = [WebMergedContextConfiguration@5433eb4c testClass = AdminUserRepositoryTest, locations = '{}', classes = '{class com.myepark.study.StudyApplication}', contextInitializerClasses = '[]', activeProfiles = '{}', propertySourceLocations = '{}', propertySourceProperties = '{org.springframework.boot.test.context.SpringBootTestContextBootstrapper=true}', contextCustomizers = set[org.springframework.boot.test.autoconfigure.actuate.metrics.MetricsExportContextCustomizerFactory$DisableMetricExportContextCustomizer@df053c3, org.springframework.boot.test.autoconfigure.properties.PropertyMappingContextCustomizer@0, org.springframework.boot.test.autoconfigure.web.servlet.WebDriverContextCustomizerFactory$Customizer@5a972148, org.springframework.boot.test.context.filter.ExcludeFilterContextCustomizer@20ce3a6f, org.springframework.boot.test.json.DuplicateJsonObjectContextCustomizerFactory$DuplicateJsonObjectContextCustomizer@47ba77ae, org.springframework.boot.test.mock.mockito.MockitoContextCustomizer@0, org.springframework.boot.test.web.client.TestRestTemplateContextCustomizer@360a81b3, org.springframework.boot.test.context.SpringBootTestArgs@1, org.springframework.boot.test.context.SpringBootTestWebEnvironment@6dd72cc5], resourceBasePath = 'src/main/webapp', contextLoader = 'org.springframework.boot.test.context.SpringBootContextLoader', parent = [null]], attributes = map['org.springframework.test.context.web.ServletTestExecutionListener.activateListener' -> true]], class annotated with @DirtiesContext [false] with mode [null].
16:24:42.736 [Test worker] DEBUG org.springframework.test.context.support.TestPropertySourceUtils - Adding inlined properties to environment: {spring.jmx.enabled=false, org.springframework.boot.test.context.SpringBootTestContextBootstrapper=true}

  .   ____          _            __ _ _
 /\\ / ___'_ __ _ _(_)_ __  __ _ \ \ \ \
( ( )\___ | '_ | '_| | '_ \/ _` | \ \ \ \
 \\/  ___)| |_)| | | | | || (_| |  ) ) ) )
  '  |____| .__|_| |_|_| |_\__, | / / / /
 =========|_|==============|___/=/_/_/_/
 :: Spring Boot ::                (v2.4.1)

2021-01-16 16:24:42.964  INFO 86363 --- [    Test worker] c.m.s.r.AdminUserRepositoryTest          : Starting AdminUserRepositoryTest using Java 14.0.1 on LM-SEL-16517091 with PID 86363 (started by myepark in /Users/myepark/Downloads/myGit/Study-Fastcampus-Java-Web/project1/project)
2021-01-16 16:24:42.965  INFO 86363 --- [    Test worker] c.m.s.r.AdminUserRepositoryTest          : No active profile set, falling back to default profiles: default
2021-01-16 16:24:43.469  INFO 86363 --- [    Test worker] .s.d.r.c.RepositoryConfigurationDelegate : Bootstrapping Spring Data JPA repositories in DEFAULT mode.
2021-01-16 16:24:43.527  INFO 86363 --- [    Test worker] .s.d.r.c.RepositoryConfigurationDelegate : Finished Spring Data repository scanning in 52 ms. Found 7 JPA repository interfaces.
2021-01-16 16:24:43.898  INFO 86363 --- [    Test worker] com.zaxxer.hikari.HikariDataSource       : HikariPool-1 - Starting...
2021-01-16 16:24:44.082  INFO 86363 --- [    Test worker] com.zaxxer.hikari.HikariDataSource       : HikariPool-1 - Start completed.
2021-01-16 16:24:44.135  INFO 86363 --- [    Test worker] o.hibernate.jpa.internal.util.LogHelper  : HHH000204: Processing PersistenceUnitInfo [name: default]
2021-01-16 16:24:44.176  INFO 86363 --- [    Test worker] org.hibernate.Version                    : HHH000412: Hibernate ORM core version 5.4.25.Final
2021-01-16 16:24:44.301  INFO 86363 --- [    Test worker] o.hibernate.annotations.common.Version   : HCANN000001: Hibernate Commons Annotations {5.1.2.Final}
2021-01-16 16:24:44.402  INFO 86363 --- [    Test worker] org.hibernate.dialect.Dialect            : HHH000400: Using dialect: org.hibernate.dialect.MySQL8Dialect
2021-01-16 16:24:44.941  INFO 86363 --- [    Test worker] o.h.e.t.j.p.i.JtaPlatformInitiator       : HHH000490: Using JtaPlatform implementation: [org.hibernate.engine.transaction.jta.platform.internal.NoJtaPlatform]
2021-01-16 16:24:44.948  INFO 86363 --- [    Test worker] j.LocalContainerEntityManagerFactoryBean : Initialized JPA EntityManagerFactory for persistence unit 'default'
2021-01-16 16:24:45.108  WARN 86363 --- [    Test worker] JpaBaseConfiguration$JpaWebConfiguration : spring.jpa.open-in-view is enabled by default. Therefore, database queries may be performed during view rendering. Explicitly configure spring.jpa.open-in-view to disable this warning
2021-01-16 16:24:45.266  INFO 86363 --- [    Test worker] o.s.s.concurrent.ThreadPoolTaskExecutor  : Initializing ExecutorService 'applicationTaskExecutor'
2021-01-16 16:24:45.877  INFO 86363 --- [    Test worker] c.m.s.r.AdminUserRepositoryTest          : Started AdminUserRepositoryTest in 3.136 seconds (JVM running for 3.973)
Hibernate: insert into admin_user (account, created_at, created_by, last_login_at, login_fail_count, password, password_updated_at, registered_at, role, status, unregistered_at, updated_at, updated_by) values (?, ?, ?, ?, ?, ?, ?, ?, ?, ?, ?, ?, ?)
]]></system-out>
  <system-err><![CDATA[]]></system-err>
</testsuite>
