<?xml version="1.0" encoding="UTF-8"?>
<testsuite name="com.myepark.study.repository.UserRepositoryTest" tests="1" skipped="0" failures="0" errors="0" timestamp="2021-01-15T15:03:45" hostname="LM-SEL-16517091" time="0.25">
  <properties/>
  <testcase name="read()" classname="com.myepark.study.repository.UserRepositoryTest" time="0.25"/>
  <system-out><![CDATA[00:03:42.628 [Test worker] DEBUG org.springframework.test.context.BootstrapUtils - Instantiating CacheAwareContextLoaderDelegate from class [org.springframework.test.context.cache.DefaultCacheAwareContextLoaderDelegate]
00:03:42.636 [Test worker] DEBUG org.springframework.test.context.BootstrapUtils - Instantiating BootstrapContext using constructor [public org.springframework.test.context.support.DefaultBootstrapContext(java.lang.Class,org.springframework.test.context.CacheAwareContextLoaderDelegate)]
00:03:42.659 [Test worker] DEBUG org.springframework.test.context.BootstrapUtils - Instantiating TestContextBootstrapper for test class [com.myepark.study.repository.UserRepositoryTest] from class [org.springframework.boot.test.context.SpringBootTestContextBootstrapper]
00:03:42.667 [Test worker] INFO org.springframework.boot.test.context.SpringBootTestContextBootstrapper - Neither @ContextConfiguration nor @ContextHierarchy found for test class [com.myepark.study.repository.UserRepositoryTest], using SpringBootContextLoader
00:03:42.670 [Test worker] DEBUG org.springframework.test.context.support.AbstractContextLoader - Did not detect default resource location for test class [com.myepark.study.repository.UserRepositoryTest]: class path resource [com/myepark/study/repository/UserRepositoryTest-context.xml] does not exist
00:03:42.670 [Test worker] DEBUG org.springframework.test.context.support.AbstractContextLoader - Did not detect default resource location for test class [com.myepark.study.repository.UserRepositoryTest]: class path resource [com/myepark/study/repository/UserRepositoryTestContext.groovy] does not exist
00:03:42.670 [Test worker] INFO org.springframework.test.context.support.AbstractContextLoader - Could not detect default resource locations for test class [com.myepark.study.repository.UserRepositoryTest]: no resource found for suffixes {-context.xml, Context.groovy}.
00:03:42.671 [Test worker] INFO org.springframework.test.context.support.AnnotationConfigContextLoaderUtils - Could not detect default configuration classes for test class [com.myepark.study.repository.UserRepositoryTest]: UserRepositoryTest does not declare any static, non-private, non-final, nested classes annotated with @Configuration.
00:03:42.700 [Test worker] DEBUG org.springframework.test.context.support.ActiveProfilesUtils - Could not find an 'annotation declaring class' for annotation type [org.springframework.test.context.ActiveProfiles] and class [com.myepark.study.repository.UserRepositoryTest]
00:03:42.753 [Test worker] DEBUG org.springframework.context.annotation.ClassPathScanningCandidateComponentProvider - Identified candidate component class: file [/Users/myepark/Downloads/myGit/Study-Fastcampus-Java-Web/project1/project/build/classes/java/main/com/myepark/study/StudyApplication.class]
00:03:42.754 [Test worker] INFO org.springframework.boot.test.context.SpringBootTestContextBootstrapper - Found @SpringBootConfiguration com.myepark.study.StudyApplication for test class com.myepark.study.repository.UserRepositoryTest
00:03:42.837 [Test worker] DEBUG org.springframework.boot.test.context.SpringBootTestContextBootstrapper - @TestExecutionListeners is not present for class [com.myepark.study.repository.UserRepositoryTest]: using defaults.
00:03:42.837 [Test worker] INFO org.springframework.boot.test.context.SpringBootTestContextBootstrapper - Loaded default TestExecutionListener class names from location [META-INF/spring.factories]: [org.springframework.boot.test.autoconfigure.restdocs.RestDocsTestExecutionListener, org.springframework.boot.test.autoconfigure.web.client.MockRestServiceServerResetTestExecutionListener, org.springframework.boot.test.autoconfigure.web.servlet.MockMvcPrintOnlyOnFailureTestExecutionListener, org.springframework.boot.test.autoconfigure.web.servlet.WebDriverTestExecutionListener, org.springframework.boot.test.autoconfigure.webservices.client.MockWebServiceServerTestExecutionListener, org.springframework.boot.test.mock.mockito.MockitoTestExecutionListener, org.springframework.boot.test.mock.mockito.ResetMocksTestExecutionListener, org.springframework.test.context.web.ServletTestExecutionListener, org.springframework.test.context.support.DirtiesContextBeforeModesTestExecutionListener, org.springframework.test.context.support.DependencyInjectionTestExecutionListener, org.springframework.test.context.support.DirtiesContextTestExecutionListener, org.springframework.test.context.transaction.TransactionalTestExecutionListener, org.springframework.test.context.jdbc.SqlScriptsTestExecutionListener, org.springframework.test.context.event.EventPublishingTestExecutionListener]
00:03:42.849 [Test worker] INFO org.springframework.boot.test.context.SpringBootTestContextBootstrapper - Using TestExecutionListeners: [org.springframework.test.context.web.ServletTestExecutionListener@34b71594, org.springframework.test.context.support.DirtiesContextBeforeModesTestExecutionListener@6faed5c, org.springframework.boot.test.mock.mockito.MockitoTestExecutionListener@5e274638, org.springframework.boot.test.autoconfigure.SpringBootDependencyInjectionTestExecutionListener@62caf2b0, org.springframework.test.context.support.DirtiesContextTestExecutionListener@6edd50c8, org.springframework.test.context.transaction.TransactionalTestExecutionListener@3f1cc042, org.springframework.test.context.jdbc.SqlScriptsTestExecutionListener@5b6e571f, org.springframework.test.context.event.EventPublishingTestExecutionListener@6e0471b0, org.springframework.boot.test.autoconfigure.restdocs.RestDocsTestExecutionListener@6adb37a8, org.springframework.boot.test.autoconfigure.web.client.MockRestServiceServerResetTestExecutionListener@331ce461, org.springframework.boot.test.autoconfigure.web.servlet.MockMvcPrintOnlyOnFailureTestExecutionListener@1ae39bb2, org.springframework.boot.test.autoconfigure.web.servlet.WebDriverTestExecutionListener@5727e0af, org.springframework.boot.test.autoconfigure.webservices.client.MockWebServiceServerTestExecutionListener@6472fb94, org.springframework.boot.test.mock.mockito.ResetMocksTestExecutionListener@30992497]
00:03:42.851 [Test worker] DEBUG org.springframework.test.context.support.AbstractDirtiesContextTestExecutionListener - Before test class: context [DefaultTestContext@2140d6f6 testClass = UserRepositoryTest, testInstance = [null], testMethod = [null], testException = [null], mergedContextConfiguration = [WebMergedContextConfiguration@66124230 testClass = UserRepositoryTest, locations = '{}', classes = '{class com.myepark.study.StudyApplication}', contextInitializerClasses = '[]', activeProfiles = '{}', propertySourceLocations = '{}', propertySourceProperties = '{org.springframework.boot.test.context.SpringBootTestContextBootstrapper=true}', contextCustomizers = set[org.springframework.boot.test.autoconfigure.actuate.metrics.MetricsExportContextCustomizerFactory$DisableMetricExportContextCustomizer@2f24f60e, org.springframework.boot.test.autoconfigure.properties.PropertyMappingContextCustomizer@0, org.springframework.boot.test.autoconfigure.web.servlet.WebDriverContextCustomizerFactory$Customizer@4fe0d980, org.springframework.boot.test.context.filter.ExcludeFilterContextCustomizer@7f2dd52a, org.springframework.boot.test.json.DuplicateJsonObjectContextCustomizerFactory$DuplicateJsonObjectContextCustomizer@6a383cae, org.springframework.boot.test.mock.mockito.MockitoContextCustomizer@0, org.springframework.boot.test.web.client.TestRestTemplateContextCustomizer@7fcd5e7e, org.springframework.boot.test.context.SpringBootTestArgs@1, org.springframework.boot.test.context.SpringBootTestWebEnvironment@7d1d1e8a], resourceBasePath = 'src/main/webapp', contextLoader = 'org.springframework.boot.test.context.SpringBootContextLoader', parent = [null]], attributes = map['org.springframework.test.context.web.ServletTestExecutionListener.activateListener' -> true]], class annotated with @DirtiesContext [false] with mode [null].
00:03:42.873 [Test worker] DEBUG org.springframework.test.context.support.TestPropertySourceUtils - Adding inlined properties to environment: {spring.jmx.enabled=false, org.springframework.boot.test.context.SpringBootTestContextBootstrapper=true}

  .   ____          _            __ _ _
 /\\ / ___'_ __ _ _(_)_ __  __ _ \ \ \ \
( ( )\___ | '_ | '_| | '_ \/ _` | \ \ \ \
 \\/  ___)| |_)| | | | | || (_| |  ) ) ) )
  '  |____| .__|_| |_|_| |_\__, | / / / /
 =========|_|==============|___/=/_/_/_/
 :: Spring Boot ::                (v2.4.1)

2021-01-16 00:03:43.038  INFO 79598 --- [    Test worker] c.m.study.repository.UserRepositoryTest  : Starting UserRepositoryTest using Java 14.0.1 on LM-SEL-16517091 with PID 79598 (started by myepark in /Users/myepark/Downloads/myGit/Study-Fastcampus-Java-Web/project1/project)
2021-01-16 00:03:43.040  INFO 79598 --- [    Test worker] c.m.study.repository.UserRepositoryTest  : No active profile set, falling back to default profiles: default
2021-01-16 00:03:43.528  INFO 79598 --- [    Test worker] .s.d.r.c.RepositoryConfigurationDelegate : Bootstrapping Spring Data JPA repositories in DEFAULT mode.
2021-01-16 00:03:43.586  INFO 79598 --- [    Test worker] .s.d.r.c.RepositoryConfigurationDelegate : Finished Spring Data repository scanning in 53 ms. Found 7 JPA repository interfaces.
2021-01-16 00:03:43.943  INFO 79598 --- [    Test worker] com.zaxxer.hikari.HikariDataSource       : HikariPool-1 - Starting...
2021-01-16 00:03:44.085  INFO 79598 --- [    Test worker] com.zaxxer.hikari.HikariDataSource       : HikariPool-1 - Start completed.
2021-01-16 00:03:44.136  INFO 79598 --- [    Test worker] o.hibernate.jpa.internal.util.LogHelper  : HHH000204: Processing PersistenceUnitInfo [name: default]
2021-01-16 00:03:44.172  INFO 79598 --- [    Test worker] org.hibernate.Version                    : HHH000412: Hibernate ORM core version 5.4.25.Final
2021-01-16 00:03:44.282  INFO 79598 --- [    Test worker] o.hibernate.annotations.common.Version   : HCANN000001: Hibernate Commons Annotations {5.1.2.Final}
2021-01-16 00:03:44.377  INFO 79598 --- [    Test worker] org.hibernate.dialect.Dialect            : HHH000400: Using dialect: org.hibernate.dialect.MySQL8Dialect
2021-01-16 00:03:44.882  INFO 79598 --- [    Test worker] o.h.e.t.j.p.i.JtaPlatformInitiator       : HHH000490: Using JtaPlatform implementation: [org.hibernate.engine.transaction.jta.platform.internal.NoJtaPlatform]
2021-01-16 00:03:44.888  INFO 79598 --- [    Test worker] j.LocalContainerEntityManagerFactoryBean : Initialized JPA EntityManagerFactory for persistence unit 'default'
2021-01-16 00:03:45.046  WARN 79598 --- [    Test worker] JpaBaseConfiguration$JpaWebConfiguration : spring.jpa.open-in-view is enabled by default. Therefore, database queries may be performed during view rendering. Explicitly configure spring.jpa.open-in-view to disable this warning
2021-01-16 00:03:45.202  INFO 79598 --- [    Test worker] o.s.s.concurrent.ThreadPoolTaskExecutor  : Initializing ExecutorService 'applicationTaskExecutor'
2021-01-16 00:03:45.801  INFO 79598 --- [    Test worker] c.m.study.repository.UserRepositoryTest  : Started UserRepositoryTest in 2.923 seconds (JVM running for 3.71)
2021-01-16 00:03:45.823  INFO 79598 --- [    Test worker] o.s.t.c.transaction.TransactionContext   : Began transaction (1) for test context [DefaultTestContext@2140d6f6 testClass = UserRepositoryTest, testInstance = com.myepark.study.repository.UserRepositoryTest@be79cc4, testMethod = read@UserRepositoryTest, testException = [null], mergedContextConfiguration = [WebMergedContextConfiguration@66124230 testClass = UserRepositoryTest, locations = '{}', classes = '{class com.myepark.study.StudyApplication}', contextInitializerClasses = '[]', activeProfiles = '{}', propertySourceLocations = '{}', propertySourceProperties = '{org.springframework.boot.test.context.SpringBootTestContextBootstrapper=true}', contextCustomizers = set[org.springframework.boot.test.autoconfigure.actuate.metrics.MetricsExportContextCustomizerFactory$DisableMetricExportContextCustomizer@2f24f60e, org.springframework.boot.test.autoconfigure.properties.PropertyMappingContextCustomizer@0, org.springframework.boot.test.autoconfigure.web.servlet.WebDriverContextCustomizerFactory$Customizer@4fe0d980, org.springframework.boot.test.context.filter.ExcludeFilterContextCustomizer@7f2dd52a, org.springframework.boot.test.json.DuplicateJsonObjectContextCustomizerFactory$DuplicateJsonObjectContextCustomizer@6a383cae, org.springframework.boot.test.mock.mockito.MockitoContextCustomizer@0, org.springframework.boot.test.web.client.TestRestTemplateContextCustomizer@7fcd5e7e, org.springframework.boot.test.context.SpringBootTestArgs@1, org.springframework.boot.test.context.SpringBootTestWebEnvironment@7d1d1e8a], resourceBasePath = 'src/main/webapp', contextLoader = 'org.springframework.boot.test.context.SpringBootContextLoader', parent = [null]], attributes = map['org.springframework.test.context.web.ServletTestExecutionListener.activateListener' -> true, 'org.springframework.test.context.web.ServletTestExecutionListener.populatedRequestContextHolder' -> true, 'org.springframework.test.context.web.ServletTestExecutionListener.resetRequestContextHolder' -> true]]; transaction manager [org.springframework.orm.jpa.JpaTransactionManager@1f792f53]; rollback [true]
Hibernate: select user0_.id as id1_6_, user0_.account as account2_6_, user0_.created_at as created_3_6_, user0_.created_by as created_4_6_, user0_.email as email5_6_, user0_.password as password6_6_, user0_.phone_number as phone_nu7_6_, user0_.registered_at as register8_6_, user0_.status as status9_6_, user0_.unregistered_at as unregis10_6_, user0_.updated_at as updated11_6_, user0_.updated_by as updated12_6_ from user user0_ where user0_.phone_number=? order by user0_.id desc limit ?
2021-01-16 00:03:46.062  INFO 79598 --- [    Test worker] o.s.t.c.transaction.TransactionContext   : Rolled back transaction for test: [DefaultTestContext@2140d6f6 testClass = UserRepositoryTest, testInstance = com.myepark.study.repository.UserRepositoryTest@be79cc4, testMethod = read@UserRepositoryTest, testException = [null], mergedContextConfiguration = [WebMergedContextConfiguration@66124230 testClass = UserRepositoryTest, locations = '{}', classes = '{class com.myepark.study.StudyApplication}', contextInitializerClasses = '[]', activeProfiles = '{}', propertySourceLocations = '{}', propertySourceProperties = '{org.springframework.boot.test.context.SpringBootTestContextBootstrapper=true}', contextCustomizers = set[org.springframework.boot.test.autoconfigure.actuate.metrics.MetricsExportContextCustomizerFactory$DisableMetricExportContextCustomizer@2f24f60e, org.springframework.boot.test.autoconfigure.properties.PropertyMappingContextCustomizer@0, org.springframework.boot.test.autoconfigure.web.servlet.WebDriverContextCustomizerFactory$Customizer@4fe0d980, org.springframework.boot.test.context.filter.ExcludeFilterContextCustomizer@7f2dd52a, org.springframework.boot.test.json.DuplicateJsonObjectContextCustomizerFactory$DuplicateJsonObjectContextCustomizer@6a383cae, org.springframework.boot.test.mock.mockito.MockitoContextCustomizer@0, org.springframework.boot.test.web.client.TestRestTemplateContextCustomizer@7fcd5e7e, org.springframework.boot.test.context.SpringBootTestArgs@1, org.springframework.boot.test.context.SpringBootTestWebEnvironment@7d1d1e8a], resourceBasePath = 'src/main/webapp', contextLoader = 'org.springframework.boot.test.context.SpringBootContextLoader', parent = [null]], attributes = map['org.springframework.test.context.web.ServletTestExecutionListener.activateListener' -> true, 'org.springframework.test.context.web.ServletTestExecutionListener.populatedRequestContextHolder' -> true, 'org.springframework.test.context.web.ServletTestExecutionListener.resetRequestContextHolder' -> true]]
]]></system-out>
  <system-err><![CDATA[]]></system-err>
</testsuite>
