<?xml version="1.0" encoding="UTF-8"?>
<testsuite name="com.myepark.study.repository.UserRepositoryTest" tests="1" skipped="0" failures="0" errors="0" timestamp="2021-01-16T08:04:30" hostname="LM-SEL-16517091" time="0.236">
  <properties/>
  <testcase name="read()" classname="com.myepark.study.repository.UserRepositoryTest" time="0.236"/>
  <system-out><![CDATA[17:04:27.041 [Test worker] DEBUG org.springframework.test.context.BootstrapUtils - Instantiating CacheAwareContextLoaderDelegate from class [org.springframework.test.context.cache.DefaultCacheAwareContextLoaderDelegate]
17:04:27.053 [Test worker] DEBUG org.springframework.test.context.BootstrapUtils - Instantiating BootstrapContext using constructor [public org.springframework.test.context.support.DefaultBootstrapContext(java.lang.Class,org.springframework.test.context.CacheAwareContextLoaderDelegate)]
17:04:27.079 [Test worker] DEBUG org.springframework.test.context.BootstrapUtils - Instantiating TestContextBootstrapper for test class [com.myepark.study.repository.UserRepositoryTest] from class [org.springframework.boot.test.context.SpringBootTestContextBootstrapper]
17:04:27.087 [Test worker] INFO org.springframework.boot.test.context.SpringBootTestContextBootstrapper - Neither @ContextConfiguration nor @ContextHierarchy found for test class [com.myepark.study.repository.UserRepositoryTest], using SpringBootContextLoader
17:04:27.091 [Test worker] DEBUG org.springframework.test.context.support.AbstractContextLoader - Did not detect default resource location for test class [com.myepark.study.repository.UserRepositoryTest]: class path resource [com/myepark/study/repository/UserRepositoryTest-context.xml] does not exist
17:04:27.091 [Test worker] DEBUG org.springframework.test.context.support.AbstractContextLoader - Did not detect default resource location for test class [com.myepark.study.repository.UserRepositoryTest]: class path resource [com/myepark/study/repository/UserRepositoryTestContext.groovy] does not exist
17:04:27.091 [Test worker] INFO org.springframework.test.context.support.AbstractContextLoader - Could not detect default resource locations for test class [com.myepark.study.repository.UserRepositoryTest]: no resource found for suffixes {-context.xml, Context.groovy}.
17:04:27.092 [Test worker] INFO org.springframework.test.context.support.AnnotationConfigContextLoaderUtils - Could not detect default configuration classes for test class [com.myepark.study.repository.UserRepositoryTest]: UserRepositoryTest does not declare any static, non-private, non-final, nested classes annotated with @Configuration.
17:04:27.126 [Test worker] DEBUG org.springframework.test.context.support.ActiveProfilesUtils - Could not find an 'annotation declaring class' for annotation type [org.springframework.test.context.ActiveProfiles] and class [com.myepark.study.repository.UserRepositoryTest]
17:04:27.180 [Test worker] DEBUG org.springframework.context.annotation.ClassPathScanningCandidateComponentProvider - Identified candidate component class: file [/Users/myepark/Downloads/myGit/Study-Fastcampus-Java-Web/project1/project/build/classes/java/main/com/myepark/study/StudyApplication.class]
17:04:27.181 [Test worker] INFO org.springframework.boot.test.context.SpringBootTestContextBootstrapper - Found @SpringBootConfiguration com.myepark.study.StudyApplication for test class com.myepark.study.repository.UserRepositoryTest
17:04:27.252 [Test worker] DEBUG org.springframework.boot.test.context.SpringBootTestContextBootstrapper - @TestExecutionListeners is not present for class [com.myepark.study.repository.UserRepositoryTest]: using defaults.
17:04:27.252 [Test worker] INFO org.springframework.boot.test.context.SpringBootTestContextBootstrapper - Loaded default TestExecutionListener class names from location [META-INF/spring.factories]: [org.springframework.boot.test.autoconfigure.restdocs.RestDocsTestExecutionListener, org.springframework.boot.test.autoconfigure.web.client.MockRestServiceServerResetTestExecutionListener, org.springframework.boot.test.autoconfigure.web.servlet.MockMvcPrintOnlyOnFailureTestExecutionListener, org.springframework.boot.test.autoconfigure.web.servlet.WebDriverTestExecutionListener, org.springframework.boot.test.autoconfigure.webservices.client.MockWebServiceServerTestExecutionListener, org.springframework.boot.test.mock.mockito.MockitoTestExecutionListener, org.springframework.boot.test.mock.mockito.ResetMocksTestExecutionListener, org.springframework.test.context.web.ServletTestExecutionListener, org.springframework.test.context.support.DirtiesContextBeforeModesTestExecutionListener, org.springframework.test.context.support.DependencyInjectionTestExecutionListener, org.springframework.test.context.support.DirtiesContextTestExecutionListener, org.springframework.test.context.transaction.TransactionalTestExecutionListener, org.springframework.test.context.jdbc.SqlScriptsTestExecutionListener, org.springframework.test.context.event.EventPublishingTestExecutionListener]
17:04:27.266 [Test worker] INFO org.springframework.boot.test.context.SpringBootTestContextBootstrapper - Using TestExecutionListeners: [org.springframework.test.context.web.ServletTestExecutionListener@34b71594, org.springframework.test.context.support.DirtiesContextBeforeModesTestExecutionListener@6faed5c, org.springframework.boot.test.mock.mockito.MockitoTestExecutionListener@5e274638, org.springframework.boot.test.autoconfigure.SpringBootDependencyInjectionTestExecutionListener@62caf2b0, org.springframework.test.context.support.DirtiesContextTestExecutionListener@6edd50c8, org.springframework.test.context.transaction.TransactionalTestExecutionListener@3f1cc042, org.springframework.test.context.jdbc.SqlScriptsTestExecutionListener@5b6e571f, org.springframework.test.context.event.EventPublishingTestExecutionListener@6e0471b0, org.springframework.boot.test.autoconfigure.restdocs.RestDocsTestExecutionListener@6adb37a8, org.springframework.boot.test.autoconfigure.web.client.MockRestServiceServerResetTestExecutionListener@331ce461, org.springframework.boot.test.autoconfigure.web.servlet.MockMvcPrintOnlyOnFailureTestExecutionListener@1ae39bb2, org.springframework.boot.test.autoconfigure.web.servlet.WebDriverTestExecutionListener@5727e0af, org.springframework.boot.test.autoconfigure.webservices.client.MockWebServiceServerTestExecutionListener@6472fb94, org.springframework.boot.test.mock.mockito.ResetMocksTestExecutionListener@30992497]
17:04:27.268 [Test worker] DEBUG org.springframework.test.context.support.AbstractDirtiesContextTestExecutionListener - Before test class: context [DefaultTestContext@2140d6f6 testClass = UserRepositoryTest, testInstance = [null], testMethod = [null], testException = [null], mergedContextConfiguration = [WebMergedContextConfiguration@66124230 testClass = UserRepositoryTest, locations = '{}', classes = '{class com.myepark.study.StudyApplication}', contextInitializerClasses = '[]', activeProfiles = '{}', propertySourceLocations = '{}', propertySourceProperties = '{org.springframework.boot.test.context.SpringBootTestContextBootstrapper=true}', contextCustomizers = set[org.springframework.boot.test.autoconfigure.actuate.metrics.MetricsExportContextCustomizerFactory$DisableMetricExportContextCustomizer@2f24f60e, org.springframework.boot.test.autoconfigure.properties.PropertyMappingContextCustomizer@0, org.springframework.boot.test.autoconfigure.web.servlet.WebDriverContextCustomizerFactory$Customizer@4fe0d980, org.springframework.boot.test.context.filter.ExcludeFilterContextCustomizer@7f2dd52a, org.springframework.boot.test.json.DuplicateJsonObjectContextCustomizerFactory$DuplicateJsonObjectContextCustomizer@6a383cae, org.springframework.boot.test.mock.mockito.MockitoContextCustomizer@0, org.springframework.boot.test.web.client.TestRestTemplateContextCustomizer@7fcd5e7e, org.springframework.boot.test.context.SpringBootTestArgs@1, org.springframework.boot.test.context.SpringBootTestWebEnvironment@7d1d1e8a], resourceBasePath = 'src/main/webapp', contextLoader = 'org.springframework.boot.test.context.SpringBootContextLoader', parent = [null]], attributes = map['org.springframework.test.context.web.ServletTestExecutionListener.activateListener' -> true]], class annotated with @DirtiesContext [false] with mode [null].
17:04:27.291 [Test worker] DEBUG org.springframework.test.context.support.TestPropertySourceUtils - Adding inlined properties to environment: {spring.jmx.enabled=false, org.springframework.boot.test.context.SpringBootTestContextBootstrapper=true}

  .   ____          _            __ _ _
 /\\ / ___'_ __ _ _(_)_ __  __ _ \ \ \ \
( ( )\___ | '_ | '_| | '_ \/ _` | \ \ \ \
 \\/  ___)| |_)| | | | | || (_| |  ) ) ) )
  '  |____| .__|_| |_|_| |_\__, | / / / /
 =========|_|==============|___/=/_/_/_/
 :: Spring Boot ::                (v2.4.1)

2021-01-16 17:04:27.554  INFO 87393 --- [    Test worker] c.m.study.repository.UserRepositoryTest  : Starting UserRepositoryTest using Java 14.0.1 on LM-SEL-16517091 with PID 87393 (started by myepark in /Users/myepark/Downloads/myGit/Study-Fastcampus-Java-Web/project1/project)
2021-01-16 17:04:27.556  INFO 87393 --- [    Test worker] c.m.study.repository.UserRepositoryTest  : No active profile set, falling back to default profiles: default
2021-01-16 17:04:28.009  INFO 87393 --- [    Test worker] .s.d.r.c.RepositoryConfigurationDelegate : Bootstrapping Spring Data JPA repositories in DEFAULT mode.
2021-01-16 17:04:28.057  INFO 87393 --- [    Test worker] .s.d.r.c.RepositoryConfigurationDelegate : Finished Spring Data repository scanning in 42 ms. Found 7 JPA repository interfaces.
2021-01-16 17:04:28.391  INFO 87393 --- [    Test worker] com.zaxxer.hikari.HikariDataSource       : HikariPool-1 - Starting...
2021-01-16 17:04:28.624  INFO 87393 --- [    Test worker] com.zaxxer.hikari.HikariDataSource       : HikariPool-1 - Start completed.
2021-01-16 17:04:28.674  INFO 87393 --- [    Test worker] o.hibernate.jpa.internal.util.LogHelper  : HHH000204: Processing PersistenceUnitInfo [name: default]
2021-01-16 17:04:28.710  INFO 87393 --- [    Test worker] org.hibernate.Version                    : HHH000412: Hibernate ORM core version 5.4.25.Final
2021-01-16 17:04:28.850  INFO 87393 --- [    Test worker] o.hibernate.annotations.common.Version   : HCANN000001: Hibernate Commons Annotations {5.1.2.Final}
2021-01-16 17:04:28.952  INFO 87393 --- [    Test worker] org.hibernate.dialect.Dialect            : HHH000400: Using dialect: org.hibernate.dialect.MySQL8Dialect
2021-01-16 17:04:29.489  INFO 87393 --- [    Test worker] o.h.e.t.j.p.i.JtaPlatformInitiator       : HHH000490: Using JtaPlatform implementation: [org.hibernate.engine.transaction.jta.platform.internal.NoJtaPlatform]
2021-01-16 17:04:29.494  INFO 87393 --- [    Test worker] j.LocalContainerEntityManagerFactoryBean : Initialized JPA EntityManagerFactory for persistence unit 'default'
2021-01-16 17:04:29.639  WARN 87393 --- [    Test worker] JpaBaseConfiguration$JpaWebConfiguration : spring.jpa.open-in-view is enabled by default. Therefore, database queries may be performed during view rendering. Explicitly configure spring.jpa.open-in-view to disable this warning
2021-01-16 17:04:29.784  INFO 87393 --- [    Test worker] o.s.s.concurrent.ThreadPoolTaskExecutor  : Initializing ExecutorService 'applicationTaskExecutor'
2021-01-16 17:04:30.356  INFO 87393 --- [    Test worker] c.m.study.repository.UserRepositoryTest  : Started UserRepositoryTest in 3.059 seconds (JVM running for 3.856)
2021-01-16 17:04:30.381  INFO 87393 --- [    Test worker] o.s.t.c.transaction.TransactionContext   : Began transaction (1) for test context [DefaultTestContext@2140d6f6 testClass = UserRepositoryTest, testInstance = com.myepark.study.repository.UserRepositoryTest@4ce1849d, testMethod = read@UserRepositoryTest, testException = [null], mergedContextConfiguration = [WebMergedContextConfiguration@66124230 testClass = UserRepositoryTest, locations = '{}', classes = '{class com.myepark.study.StudyApplication}', contextInitializerClasses = '[]', activeProfiles = '{}', propertySourceLocations = '{}', propertySourceProperties = '{org.springframework.boot.test.context.SpringBootTestContextBootstrapper=true}', contextCustomizers = set[org.springframework.boot.test.autoconfigure.actuate.metrics.MetricsExportContextCustomizerFactory$DisableMetricExportContextCustomizer@2f24f60e, org.springframework.boot.test.autoconfigure.properties.PropertyMappingContextCustomizer@0, org.springframework.boot.test.autoconfigure.web.servlet.WebDriverContextCustomizerFactory$Customizer@4fe0d980, org.springframework.boot.test.context.filter.ExcludeFilterContextCustomizer@7f2dd52a, org.springframework.boot.test.json.DuplicateJsonObjectContextCustomizerFactory$DuplicateJsonObjectContextCustomizer@6a383cae, org.springframework.boot.test.mock.mockito.MockitoContextCustomizer@0, org.springframework.boot.test.web.client.TestRestTemplateContextCustomizer@7fcd5e7e, org.springframework.boot.test.context.SpringBootTestArgs@1, org.springframework.boot.test.context.SpringBootTestWebEnvironment@7d1d1e8a], resourceBasePath = 'src/main/webapp', contextLoader = 'org.springframework.boot.test.context.SpringBootContextLoader', parent = [null]], attributes = map['org.springframework.test.context.web.ServletTestExecutionListener.activateListener' -> true, 'org.springframework.test.context.web.ServletTestExecutionListener.populatedRequestContextHolder' -> true, 'org.springframework.test.context.web.ServletTestExecutionListener.resetRequestContextHolder' -> true]]; transaction manager [org.springframework.orm.jpa.JpaTransactionManager@64d74813]; rollback [true]
Hibernate: select user0_.id as id1_6_, user0_.account as account2_6_, user0_.created_at as created_3_6_, user0_.created_by as created_4_6_, user0_.email as email5_6_, user0_.password as password6_6_, user0_.phone_number as phone_nu7_6_, user0_.registered_at as register8_6_, user0_.status as status9_6_, user0_.unregistered_at as unregis10_6_, user0_.updated_at as updated11_6_, user0_.updated_by as updated12_6_ from user user0_ where user0_.phone_number=? order by user0_.id desc limit ?
Hibernate: select ordergroup0_.user_id as user_id15_4_0_, ordergroup0_.id as id1_4_0_, ordergroup0_.id as id1_4_1_, ordergroup0_.arrival_date as arrival_2_4_1_, ordergroup0_.created_at as created_3_4_1_, ordergroup0_.created_by as created_4_4_1_, ordergroup0_.order_at as order_at5_4_1_, ordergroup0_.order_type as order_ty6_4_1_, ordergroup0_.payment_type as payment_7_4_1_, ordergroup0_.rev_address as rev_addr8_4_1_, ordergroup0_.rev_name as rev_name9_4_1_, ordergroup0_.status as status10_4_1_, ordergroup0_.total_price as total_p11_4_1_, ordergroup0_.total_quantity as total_q12_4_1_, ordergroup0_.updated_at as updated13_4_1_, ordergroup0_.updated_by as updated14_4_1_, ordergroup0_.user_id as user_id15_4_1_ from order_group ordergroup0_ where ordergroup0_.user_id=?
------------------주문묶음---------------------
수령인 : 홍길동
수령지 : 서울시 강남구
총금액 : 900000.0000
총수량 : 1
------------------주문상세---------------------
Hibernate: select orderdetai0_.order_group_id as order_g11_3_0_, orderdetai0_.id as id1_3_0_, orderdetai0_.id as id1_3_1_, orderdetai0_.arrival_date as arrival_2_3_1_, orderdetai0_.created_at as created_3_3_1_, orderdetai0_.created_by as created_4_3_1_, orderdetai0_.item_id as item_id10_3_1_, orderdetai0_.order_group_id as order_g11_3_1_, orderdetai0_.quantity as quantity5_3_1_, orderdetai0_.status as status6_3_1_, orderdetai0_.total_price as total_pr7_3_1_, orderdetai0_.updated_at as updated_8_3_1_, orderdetai0_.updated_by as updated_9_3_1_, item1_.id as id1_2_2_, item1_.brand_name as brand_na2_2_2_, item1_.content as content3_2_2_, item1_.created_at as created_4_2_2_, item1_.created_by as created_5_2_2_, item1_.name as name6_2_2_, item1_.partner_id as partner14_2_2_, item1_.price as price7_2_2_, item1_.registered_at as register8_2_2_, item1_.status as status9_2_2_, item1_.title as title10_2_2_, item1_.unregistered_at as unregis11_2_2_, item1_.updated_at as updated12_2_2_, item1_.updated_by as updated13_2_2_, partner2_.id as id1_5_3_, partner2_.address as address2_5_3_, partner2_.business_number as business3_5_3_, partner2_.call_center as call_cen4_5_3_, partner2_.category_id as categor15_5_3_, partner2_.ceo_name as ceo_name5_5_3_, partner2_.created_at as created_6_5_3_, partner2_.created_by as created_7_5_3_, partner2_.name as name8_5_3_, partner2_.partner_number as partner_9_5_3_, partner2_.registered_at as registe10_5_3_, partner2_.status as status11_5_3_, partner2_.unregistered_at as unregis12_5_3_, partner2_.updated_at as updated13_5_3_, partner2_.updated_by as updated14_5_3_ from order_detail orderdetai0_ left outer join item item1_ on orderdetai0_.item_id=item1_.id left outer join partner partner2_ on item1_.partner_id=partner2_.id where orderdetai0_.order_group_id=?
[]
2021-01-16 17:04:30.607  INFO 87393 --- [    Test worker] o.s.t.c.transaction.TransactionContext   : Rolled back transaction for test: [DefaultTestContext@2140d6f6 testClass = UserRepositoryTest, testInstance = com.myepark.study.repository.UserRepositoryTest@4ce1849d, testMethod = read@UserRepositoryTest, testException = [null], mergedContextConfiguration = [WebMergedContextConfiguration@66124230 testClass = UserRepositoryTest, locations = '{}', classes = '{class com.myepark.study.StudyApplication}', contextInitializerClasses = '[]', activeProfiles = '{}', propertySourceLocations = '{}', propertySourceProperties = '{org.springframework.boot.test.context.SpringBootTestContextBootstrapper=true}', contextCustomizers = set[org.springframework.boot.test.autoconfigure.actuate.metrics.MetricsExportContextCustomizerFactory$DisableMetricExportContextCustomizer@2f24f60e, org.springframework.boot.test.autoconfigure.properties.PropertyMappingContextCustomizer@0, org.springframework.boot.test.autoconfigure.web.servlet.WebDriverContextCustomizerFactory$Customizer@4fe0d980, org.springframework.boot.test.context.filter.ExcludeFilterContextCustomizer@7f2dd52a, org.springframework.boot.test.json.DuplicateJsonObjectContextCustomizerFactory$DuplicateJsonObjectContextCustomizer@6a383cae, org.springframework.boot.test.mock.mockito.MockitoContextCustomizer@0, org.springframework.boot.test.web.client.TestRestTemplateContextCustomizer@7fcd5e7e, org.springframework.boot.test.context.SpringBootTestArgs@1, org.springframework.boot.test.context.SpringBootTestWebEnvironment@7d1d1e8a], resourceBasePath = 'src/main/webapp', contextLoader = 'org.springframework.boot.test.context.SpringBootContextLoader', parent = [null]], attributes = map['org.springframework.test.context.web.ServletTestExecutionListener.activateListener' -> true, 'org.springframework.test.context.web.ServletTestExecutionListener.populatedRequestContextHolder' -> true, 'org.springframework.test.context.web.ServletTestExecutionListener.resetRequestContextHolder' -> true]]
]]></system-out>
  <system-err><![CDATA[]]></system-err>
</testsuite>
